0 info it worked if it ends with ok
1 verbose cli [ '/usr/local/bin/node',
1 verbose cli   '/usr/local/bin/npm',
1 verbose cli   'run',
1 verbose cli   'dev:js-transform' ]
2 info using npm@3.10.3
3 info using node@v6.6.0
4 verbose run-script [ 'predev:js-transform',
4 verbose run-script   'dev:js-transform',
4 verbose run-script   'postdev:js-transform' ]
5 info lifecycle uw-oshkosh-divi@0.2.7~predev:js-transform: uw-oshkosh-divi@0.2.7
6 silly lifecycle uw-oshkosh-divi@0.2.7~predev:js-transform: no script for predev:js-transform, continuing
7 info lifecycle uw-oshkosh-divi@0.2.7~dev:js-transform: uw-oshkosh-divi@0.2.7
8 verbose lifecycle uw-oshkosh-divi@0.2.7~dev:js-transform: unsafe-perm in lifecycle true
9 verbose lifecycle uw-oshkosh-divi@0.2.7~dev:js-transform: PATH: /usr/local/lib/node_modules/npm/bin/node-gyp-bin:/Users/kerkhofj/GitHub/uw-oshkosh-divi/node_modules/.bin:/usr/local/bin:/usr/local/bin:/usr/bin:/bin:/usr/sbin:/sbin:/usr/local/munki:/Library/Application Support/pinpoint/bin
10 verbose lifecycle uw-oshkosh-divi@0.2.7~dev:js-transform: CWD: /Users/kerkhofj/GitHub/uw-oshkosh-divi
11 silly lifecycle uw-oshkosh-divi@0.2.7~dev:js-transform: Args: [ '-c',
11 silly lifecycle   'babel src/uw-oshkosh-divi/js/custom.js --out-file builds/dev/js/custom.js --source-maps ' ]
12 silly lifecycle uw-oshkosh-divi@0.2.7~dev:js-transform: Returned: code: 1  signal: null
13 info lifecycle uw-oshkosh-divi@0.2.7~dev:js-transform: Failed to exec dev:js-transform script
14 verbose stack Error: uw-oshkosh-divi@0.2.7 dev:js-transform: `babel src/uw-oshkosh-divi/js/custom.js --out-file builds/dev/js/custom.js --source-maps `
14 verbose stack Exit status 1
14 verbose stack     at EventEmitter.<anonymous> (/usr/local/lib/node_modules/npm/lib/utils/lifecycle.js:242:16)
14 verbose stack     at emitTwo (events.js:106:13)
14 verbose stack     at EventEmitter.emit (events.js:191:7)
14 verbose stack     at ChildProcess.<anonymous> (/usr/local/lib/node_modules/npm/lib/utils/spawn.js:40:14)
14 verbose stack     at emitTwo (events.js:106:13)
14 verbose stack     at ChildProcess.emit (events.js:191:7)
14 verbose stack     at maybeClose (internal/child_process.js:877:16)
14 verbose stack     at Process.ChildProcess._handle.onexit (internal/child_process.js:226:5)
15 verbose pkgid uw-oshkosh-divi@0.2.7
16 verbose cwd /Users/kerkhofj/GitHub/uw-oshkosh-divi
17 error Darwin 16.0.0
18 error argv "/usr/local/bin/node" "/usr/local/bin/npm" "run" "dev:js-transform"
19 error node v6.6.0
20 error npm  v3.10.3
21 error code ELIFECYCLE
22 error uw-oshkosh-divi@0.2.7 dev:js-transform: `babel src/uw-oshkosh-divi/js/custom.js --out-file builds/dev/js/custom.js --source-maps `
22 error Exit status 1
23 error Failed at the uw-oshkosh-divi@0.2.7 dev:js-transform script 'babel src/uw-oshkosh-divi/js/custom.js --out-file builds/dev/js/custom.js --source-maps '.
23 error Make sure you have the latest version of node.js and npm installed.
23 error If you do, this is most likely a problem with the uw-oshkosh-divi package,
23 error not with npm itself.
23 error Tell the author that this fails on your system:
23 error     babel src/uw-oshkosh-divi/js/custom.js --out-file builds/dev/js/custom.js --source-maps
23 error You can get information on how to open an issue for this project with:
23 error     npm bugs uw-oshkosh-divi
23 error Or if that isn't available, you can get their info via:
23 error     npm owner ls uw-oshkosh-divi
23 error There is likely additional logging output above.
24 verbose exit [ 1, true ]
